________________________________________________
Вычисление разрешения черенковского детектора.
Параметры:
  файл с квантовой эффективностью:              ../data/h12700.dat
  фактор эффективности ФЭУ:                     1
  размер пикселя ФЭУ:                           1 мм
  расстояние от радиатора до ФЭУ:               200 мм
  файл описания радиатора:                      xrayscan_e436f20_10layers.dat
  длина рассеяния в аэрогеле на 400 нм:         46.9 мм
  оптимизация для скорости:                     1
  расчет для скорости:                          1
  выходной root-файл: res_e436f20_10layers_d200_px1.root
________________________________________________
Квантовая эффективность определена от 270 до 650 нм, всего 39 значений.
7.59 1.05224
2.07 1.05193
0.822 1.04904
0.75 1.055
5.07 1.05064
4.25 1.04986
0.535 1.0465
0.808 1.05211
1.83 1.04746
7.21 1.04643
Заданный радиатор:
  Number of layers: 10
  Proximity distance:  169.065
  Total thickness:  30.935
  Optimal beta:     1.000000
  Optimal wavelength: 400.000
  Layer thicknesses and refractive indices (20 layers at most):
   Layer1  : n=1.0522 t=7.59
   Layer2  : n=1.0519 t=2.07
   Layer3  : n=1.0490 t=0.82
   Layer4  : n=1.0550 t=0.75
   Layer5  : n=1.0506 t=5.07
   Layer6  : n=1.0499 t=4.25
   Layer7  : n=1.0465 t=0.54
   Layer8  : n=1.0521 t=0.81
   Layer9  : n=1.0475 t=1.83
   Layer10 : n=1.0464 t=7.21
  Скорость частицы для расчета:                 1
  Среднее число фотоэлектронов:                 39.91
  Средний радиус:                               61.73 мм
  Ошибка радиуса на 1 фотон (с учетом пикселя): 1.668 мм (1.693 мм)
  Ошибка радиуса на трек (с учетом пикселя):    0.2676 мм (0.2715 мм)
  Ошибка угла на 1 фотон (с учетом пикселя):    8.132 мрад (8.252 мрад)
  Ошибка угла на трек (с учетом пикселя):       1.304 мрад (1.323 мрад)
Сохраняем распределение фотонов по радиусу в res_e436f20_10layers_d200_px1.root
