________________________________________________
Вычисление разрешения черенковского детектора.
Параметры:
  файл с квантовой эффективностью:              ../data/h12700.dat
  фактор эффективности ФЭУ:                     1
  размер пикселя ФЭУ:                           1 мм
  расстояние от радиатора до ФЭУ:               200 мм
  файл описания радиатора:                      xrayscan_e430f61_13layers.dat
  длина рассеяния в аэрогеле на 400 нм:         54.4 мм
  оптимизация для скорости:                     1
  расчет для скорости:                          1
  выходной root-файл: res_e430f61_13layers_d200_px1.root
________________________________________________
Квантовая эффективность определена от 270 до 650 нм, всего 39 значений.
3.06 1.05529
4.54 1.05379
0.352 1.05984
1.13 1.05263
4.95 1.05051
1.55 1.04878
0.399 1.05769
2.43 1.04867
5.65 1.04724
0.489 1.05153
1.13 1.04588
4.31 1.04474
4.3 1.04472
Заданный радиатор:
  Number of layers: 13
  Proximity distance:  165.710
  Total thickness:  34.290
  Optimal beta:     1.000000
  Optimal wavelength: 400.000
  Layer thicknesses and refractive indices (20 layers at most):
   Layer1  : n=1.0553 t=3.06
   Layer2  : n=1.0538 t=4.54
   Layer3  : n=1.0598 t=0.35
   Layer4  : n=1.0526 t=1.13
   Layer5  : n=1.0505 t=4.95
   Layer6  : n=1.0488 t=1.55
   Layer7  : n=1.0577 t=0.40
   Layer8  : n=1.0487 t=2.43
   Layer9  : n=1.0472 t=5.65
   Layer10 : n=1.0515 t=0.49
   Layer11 : n=1.0459 t=1.13
   Layer12 : n=1.0447 t=4.31
   Layer13 : n=1.0447 t=4.30
  Скорость частицы для расчета:                 1
  Среднее число фотоэлектронов:                 44.89
  Средний радиус:                               60.89 мм
  Ошибка радиуса на 1 фотон (с учетом пикселя): 1.31 мм (1.341 мм)
  Ошибка радиуса на трек (с учетом пикселя):    0.1978 мм (0.2025 мм)
  Ошибка угла на 1 фотон (с учетом пикселя):    6.448 мрад (6.603 мрад)
  Ошибка угла на трек (с учетом пикселя):       0.9736 мрад (0.997 мрад)
Сохраняем распределение фотонов по радиусу в res_e430f61_13layers_d200_px1.root
