./farichres -e 0.8 -p 6 -D600 -i cmp_ebeam2019/panda_n1.0538+1.0511.dat ../data/h12700.dat 
________________________________________________
Вычисление разрешения черенковского детектора.
Параметры:
  файл с квантовой эффективностью:              ../data/h12700.dat
  фактор эффективности ФЭУ:                     0.8
  размер пикселя ФЭУ:                           6 мм
  расстояние от радиатора до ФЭУ:               600 мм
  файл описания радиатора:                      cmp_ebeam2019/panda_n1.0538+1.0511.dat
  длина рассеяния в аэрогеле на 400 нм:         50 мм
  файл со спектром длины поглощения аэрогеле:   не задан
  оптимизация для скорости:                     1
  расчет для скорости:                          1
  выходной root-файл: farichres.root
________________________________________________
Квантовая эффективность определена от 270 до 650 нм, всего 39 значений.
Заданный радиатор:
  Number of layers: 2
  Proximity distance:  560.000
  Total thickness:  40.000
  Optimal beta:     1.000000
  Optimal wavelength: 400.000
  Layer thicknesses and refractive indices (20 layers at most):
   Layer1  : n=1.0538 t=20.00
   Layer2  : n=1.0511 t=20.00
  Скорость частицы для расчета:                 1
  Среднее число фотоэлектронов:                 39.68
  Средний радиус:                               201.3 мм
  Ошибка радиуса на 1 фотон (с учетом пикселя): 2.582 мм (3.109 мм)
  Ошибка радиуса на трек (с учетом пикселя):    0.4153 мм (0.5001 мм)
  Ошибка угла на 1 фотон (с учетом пикселя):    3.973 мрад (4.784 мрад)
  Ошибка угла на трек (с учетом пикселя):       0.639 мрад (0.7695 мрад)
