./farichres -e 0.8 -p 6 -N1 -n1.0538 -T20 -D580 ../data/h12700.dat 
________________________________________________
Вычисление разрешения черенковского детектора.
Параметры:
  файл с квантовой эффективностью:              ../data/h12700.dat
  фактор эффективности ФЭУ:                     0.8
  размер пикселя ФЭУ:                           6 мм
  расстояние от радиатора до ФЭУ:               580 мм
  показатель преломления первого слоя на 400нм: 1.0538
  число слоев радиатора:                        1
  полная толщина радиатора:                     20 мм
  длина рассеяния в аэрогеле на 400 нм:         50 мм
  файл со спектром длины поглощения аэрогеле:   не задан
  оптимизация для скорости:                     1
  расчет для скорости:                          1
  только быстрая оптимизация радиатора
  выходной root-файл: farichres.root
________________________________________________
Квантовая эффективность определена от 270 до 650 нм, всего 39 значений.
Длина волны максимальной чувствительности к ЧИ: 397.3 нм
Радиатор после быстрой оптимизации:
  Number of layers: 1
  Proximity distance:  560.000
  Total thickness:  20.000
  Optimal beta:     1.000000
  Optimal wavelength: 397.300
  Layer thicknesses and refractive indices (20 layers at most):
   Layer1  : n=1.0538 t=20.00
  Скорость частицы для расчета:                 1
  Среднее число фотоэлектронов:                 25.87
  Средний радиус:                               201.3 мм
  Ошибка радиуса на 1 фотон (с учетом пикселя): 2.653 мм (3.168 мм)
  Ошибка радиуса на трек (с учетом пикселя):    0.5325 мм (0.6359 мм)
  Ошибка угла на 1 фотон (с учетом пикселя):    4.138 мрад (4.942 мрад)
  Ошибка угла на трек (с учетом пикселя):       0.8305 мрад (0.9919 мрад)
